Running preprocessor
make: Entering directory '/home/erik/Projects/c++/build/preprocessor'
make[1]: Entering directory '/home/erik/Projects/c++/build'
make[2]: Entering directory '/home/erik/Projects/c++/build'
make[2]: Leaving directory '/home/erik/Projects/c++/build'
[ 50%] Built target globals_lib
make[2]: Entering directory '/home/erik/Projects/c++/build'
make[2]: Leaving directory '/home/erik/Projects/c++/build'
[100%] Built target preprocessor
make[1]: Leaving directory '/home/erik/Projects/c++/build'
make: Leaving directory '/home/erik/Projects/c++/build/preprocessor'

0%   10   20   30   40   50   60   70   80   90   100%
|----|----|----|----|----|----|----|----|----|----|
***************************************************
Leaving
Running scanDensity
make: Entering directory '/home/erik/Projects/c++/build/scanDensity'
make[1]: Entering directory '/home/erik/Projects/c++/build'
make[2]: Entering directory '/home/erik/Projects/c++/build'
make[2]: Leaving directory '/home/erik/Projects/c++/build'
[ 27%] Built target globals_lib
make[2]: Entering directory '/home/erik/Projects/c++/build'
make[2]: Leaving directory '/home/erik/Projects/c++/build'
[100%] Built target scanDensity
make[1]: Leaving directory '/home/erik/Projects/c++/build'
make: Leaving directory '/home/erik/Projects/c++/build/scanDensity'

0%   10   20   30   40   50   60   70   80   90   100%
|----|----|----|----|----|----|----|----|----|----|
***************************************************
Running placeScan
make: Entering directory '/home/erik/Projects/c++/build/placeScan'
make[1]: Entering directory '/home/erik/Projects/c++/build'
make[2]: Entering directory '/home/erik/Projects/c++/build'
make[2]: Leaving directory '/home/erik/Projects/c++/build'
[ 20%] Built target globals_lib
make[2]: Entering directory '/home/erik/Projects/c++/build'
make[2]: Leaving directory '/home/erik/Projects/c++/build'
[100%] Built target placeScan
make[1]: Leaving directory '/home/erik/Projects/c++/build'
make: Leaving directory '/home/erik/Projects/c++/build/placeScan'

0%   10   20   30   40   50   60   70   80   90   100%
|----|----|----|----|----|----|----|----|----|----|
***************************************************
 18086.403063s wall, 134892.390000s user + 63.840000s system = 134956.230000s CPU (746.2%)
Starting up Labeler
12889

0%   10   20   30   40   50   60   70   80   90   100%
|----|----|----|----|----|----|----|----|----|----|
***************************************************
 83.616366s wall, 654.670000s user + 0.150000s system = 654.820000s CPU (783.1%)
Solving
Number of labels: 5_5_5_5_5_5_5_5_5_5_5_5_5_5_5_5_5_5_5_5_5_5_5_5_5_5_5_5_5_5_5_5_5_5_5_5_5_5_5_5_5_5_5_5_5_5_5_5_5_5_5_5_5_5_5_5_5_5_5_5_5_5_5_5_5_5_5_5_5_5_5_5_5_5_5_5_
 12.768961s wall, 12.760000s user + 0.000000s system = 12.760000s CPU (99.9%)

TRWSi found a solution with a value of 245.011 bound 245.675

Labels : 0_0_0_0_0_0_0_0_0_0_0_0_0_0_0_0_0_0_0_0_0_3_0_0_0_0_0_0_1_1_0_0_0_0_0_1_2_0_0_0_4_0_0_1_0_0_1_0_0_1_0_0_0_0_0_0_0_1_0_0_0_0_2_0_3_0_2_1_0_0_0_0_0_0_1_0_
0.0755273  0.273013
Running joiner
make: Entering directory '/home/erik/Projects/c++/build/joiner'
make[1]: Entering directory '/home/erik/Projects/c++/build'
make[2]: Entering directory '/home/erik/Projects/c++/build'
make[2]: Leaving directory '/home/erik/Projects/c++/build'
[ 60%] Built target globals_lib
make[2]: Entering directory '/home/erik/Projects/c++/build'
make[2]: Leaving directory '/home/erik/Projects/c++/build'
[100%] Built target joiner
make[1]: Leaving directory '/home/erik/Projects/c++/build'
make: Leaving directory '/home/erik/Projects/c++/build/joiner'
76
Enter: cse_binary_009.dat
Leaving: 43661813  2372299
Enter: cse_binary_010.dat
Leaving: 46142310  4335351
Enter: cse_binary_011.dat
Leaving: 48077758  6516170
Enter: cse_binary_012.dat
Leaving: 50469441  8560894
Enter: cse_binary_013.dat
Leaving: 52484133  10193166
Enter: cse_binary_015.dat
Leaving: 54012075  12614366
Enter: cse_binary_016.dat
Leaving: 56748401  14377146
Enter: cse_binary_017.dat
Leaving: 58247960  16062110
Enter: cse_binary_018.dat
Leaving: 59761092  18245587
Enter: cse_binary_019.dat
Leaving: 62098690  16143281
Enter: cse_binary_020.dat
Leaving: 60151553  17821831
Enter: cse_binary_021.dat
Leaving: 61702686  16122333
Enter: cse_binary_022.dat
Leaving: 60029552  17699043
Enter: cse_binary_023.dat
Leaving: 61716927  19451103
Enter: cse_binary_024.dat
Leaving: 63323235  17615854
Enter: cse_binary_025.dat
Leaving: 61475144  19056224
Enter: cse_binary_026.dat
Leaving: 62952109  17384247
Enter: cse_binary_027.dat
Leaving: 61299587  18442381
Enter: cse_binary_028.dat
Leaving: 62374386  17893473
Enter: cse_binary_029.dat
Leaving: 61753716  19583439
Enter: cse_binary_030.dat
Leaving: 63618712  18279139
Enter: cse_binary_031.dat
Leaving: 62312579  19386261
Enter: cse_binary_032.dat
Leaving: 63335963  17964869
Enter: cse_binary_033.dat
Leaving: 61920618  19356563
Enter: cse_binary_034.dat
Leaving: 63340407  18120363
Enter: cse_binary_035.dat
Leaving: 61830644  18684807
Enter: cse_binary_036.dat
Leaving: 62609020  18364094
Enter: cse_binary_037.dat
Leaving: 62237230  19474053
Enter: cse_binary_038.dat
Leaving: 63401513  18655869
Enter: cse_binary_039.dat
Leaving: 62454401  19868938
Enter: cse_binary_040.dat
Leaving: 63442915  19111781
Enter: cse_binary_041.dat
Leaving: 63129466  19028384
Enter: cse_binary_042.dat
Leaving: 62784668  18628123
Enter: cse_binary_043.dat
Leaving: 62519153  18472863
Enter: cse_binary_044.dat
Leaving: 62393247  19920000
Enter: cse_binary_045.dat
Leaving: 63741580  18715974
Enter: cse_binary_046.dat
Leaving: 62633547  19708174
Enter: cse_binary_047.dat
Leaving: 63578720  18811064
Enter: cse_binary_048.dat
Leaving: 62615687  19707510
Enter: cse_binary_049.dat
Leaving: 63568487  19189605
Enter: cse_binary_050.dat
Leaving: 63130835  18344465
Enter: cse_binary_051.dat
Leaving: 62391824  18931794
Enter: cse_binary_052.dat
Leaving: 62699162  19888288
Enter: cse_binary_053.dat
Leaving: 63727088  18595953
Enter: cse_binary_054.dat
Leaving: 62571275  19378591
Enter: cse_binary_055.dat
Leaving: 63242826  18550582
Enter: cse_binary_129.dat
Leaving: 62546970  18960903
Enter: cse_binary_130.dat
Leaving: 62893607  19293188
Enter: cse_binary_131.dat
Leaving: 63076905  18921856
Enter: cse_binary_132.dat
Leaving: 62759148  19640218
Enter: cse_binary_133.dat
Leaving: 63593190  18229386
Enter: cse_binary_134.dat
Leaving: 62276811  19316168
Enter: cse_binary_136.dat
Leaving: 63189426  18805022
Enter: cse_binary_137.dat
Leaving: 62800743  19862822
Enter: cse_binary_138.dat
Leaving: 63805781  18648036
Enter: cse_binary_139.dat
Leaving: 62381592  19093460
Enter: cse_binary_140.dat
Leaving: 63123679  19486791
Enter: cse_binary_141.dat
Leaving: 63233145  18674644
Enter: cse_binary_142.dat
Leaving: 62392362  19377538
Enter: cse_binary_143.dat
Leaving: 63307087  18996996
Enter: cse_binary_144.dat
Leaving: 62826766  19445095
Enter: cse_binary_145.dat
Leaving: 63476788  19954344
Enter: cse_binary_146.dat
Leaving: 63854464  18802729
Enter: cse_binary_147.dat
Leaving: 62880894  19079726
Enter: cse_binary_148.dat
Leaving: 63080749  19876241
Enter: cse_binary_149.dat
Leaving: 63771408  19265054
Enter: cse_binary_150.dat
Leaving: 63257594  19798073
Enter: cse_binary_151.dat
Leaving: 63671034  18879656
Enter: cse_binary_152.dat
Leaving: 62695265  19273778
Enter: cse_binary_153.dat
Leaving: 62743756  19978828
Enter: cse_binary_154.dat
Leaving: 64115985  19322985
Enter: cse_binary_155.dat
Leaving: 63331517  19859963
Enter: cse_binary_156.dat
Leaving: 63640126  18917629
Enter: cse_binary_157.dat
Leaving: 62697483  19776631
Enter: cse_binary_158.dat
Leaving: 63287410  19118167
Enter: cse_binary_159.dat
Leaving: 62705264  19719821
Saving
